{'extraCredit': 0,
 'fatalError': False,
 'maxExtraCredit': 0,
 'maxTotalPoints': 12,
 'messages': [],
 'mode': 'auto',
 'parts': [{'description': '',
            'extraCredit': False,
            'maxPoints': 0,
            'maxSeconds': 5,
            'messages': ["File 'pacman.pdf' does not exist"],
            'name': 'writeupValid',
            'points': 0,
            'seconds': 0},
           {'description': 'Tests minimax for timeout on smallClassic.',
            'extraCredit': False,
            'maxPoints': 4,
            'maxSeconds': 10,
            'messages': [],
            'name': '1b-1-basic',
            'points': 4,
            'seconds': 0},
           {'description': 'Tests minimax for off by one bug on smallClassic.',
            'extraCredit': False,
            'maxPoints': 2,
            'maxSeconds': 10,
            'messages': [],
            'name': '1b-1-hidden',
            'points': 2,
            'seconds': 0},
           {'description': 'Tests minimax for search depth bug on smallClassic.',
            'extraCredit': False,
            'maxPoints': 2,
            'maxSeconds': 10,
            'messages': [],
            'name': '1b-2-hidden',
            'points': 2,
            'seconds': 0},
           {'description': 'Tests minimax for suboptimal moves on smallClassic.',
            'extraCredit': False,
            'maxPoints': 2,
            'maxSeconds': 10,
            'messages': [],
            'name': '1b-3-hidden',
            'points': 2,
            'seconds': 0},
           {'description': 'Tests alphabeta for timeout on smallClassic.',
            'extraCredit': False,
            'maxPoints': 4,
            'maxSeconds': 5,
            'messages': [],
            'name': '2a-0',
            'points': 4,
            'seconds': 0},
           {'description': 'Tests alphabeta for off by one bug on smallClassic.',
            'extraCredit': False,
            'maxPoints': 2,
            'maxSeconds': 10,
            'messages': [],
            'name': '2a-1-hidden',
            'points': 2,
            'seconds': 0},
           {'description': 'Tests alphabeta for search depth bug on smallClassic.',
            'extraCredit': False,
            'maxPoints': 2,
            'maxSeconds': 10,
            'messages': [],
            'name': '2a-2-hidden',
            'points': 2,
            'seconds': 0},
           {'description': 'Tests alphabeta for suboptimal moves on smallClassic.',
            'extraCredit': False,
            'maxPoints': 2,
            'maxSeconds': 10,
            'messages': [],
            'name': '2a-3-hidden',
            'points': 2,
            'seconds': 0},
           {'description': 'Tests expectimax for timeout on smallClassic.',
            'extraCredit': False,
            'maxPoints': 4,
            'maxSeconds': 10,
            'messages': [],
            'name': '3b-0-basic',
            'points': 4,
            'seconds': 0},
           {'description': 'Tests expectimax for off by one bug on smallClassic.',
            'extraCredit': False,
            'maxPoints': 2,
            'maxSeconds': 10,
            'messages': [],
            'name': '3b-1-hidden',
            'points': 2,
            'seconds': 0},
           {'description': 'Tests expectimax for search depth bug on smallClassic.',
            'extraCredit': False,
            'maxPoints': 2,
            'maxSeconds': 10,
            'messages': [],
            'name': '3b-2-hidden',
            'points': 2,
            'seconds': 0},
           {'description': 'Tests expectimax for suboptimal moves on smallClassic.',
            'extraCredit': False,
            'maxPoints': 2,
            'maxSeconds': 10,
            'messages': [],
            'name': '3b-3-hidden',
            'points': 2,
            'seconds': 0}],
 'totalPoints': 12}
